<?xml version="1.0" encoding="UTF-8"?>
<testsuite name="misc.PlaygroundTest" tests="4" skipped="0" failures="0" errors="0" timestamp="2026-05-09T15:34:29.680Z" hostname="Ahmeds-MacBook-Air.local" time="0.103">
  <properties/>
  <testcase name="testDelay()" classname="misc.PlaygroundTest" time="0.079"/>
  <testcase name="testDelayFinale()" classname="misc.PlaygroundTest" time="0.01"/>
  <testcase name="testDelay2()" classname="misc.PlaygroundTest" time="0.002"/>
  <testcase name="testDelay3()" classname="misc.PlaygroundTest" time="0.002"/>
  <system-out><![CDATA[1
0
600
1100
]]></system-out>
  <system-err><![CDATA[]]></system-err>
</testsuite>
